-------------------------------------------------------------------------------
Test set: com.projeto.auth.api.auth.authapidemo.AuthApiDemoApplicationTests
-------------------------------------------------------------------------------
Tests run: 1, Failures: 0, Errors: 1, Skipped: 0, Time elapsed: 0.275 s <<< FAILURE! - in com.projeto.auth.api.auth.authapidemo.AuthApiDemoApplicationTests
com.projeto.auth.api.auth.authapidemo.AuthApiDemoApplicationTests  Time elapsed: 0.273 s  <<< ERROR!
java.lang.IllegalStateException: Unable to find a @SpringBootConfiguration, you need to use @ContextConfiguration or @SpringBootTest(classes=...) with your test

