<?xml version="1.0" encoding="UTF-8"?>
<testsuite xmlns:xsi="http://www.w3.org/2001/XMLSchema-instance" xsi:noNamespaceSchemaLocation="https://maven.apache.org/surefire/maven-surefire-plugin/xsd/surefire-test-report.xsd" name="com.projeto.auth.api.auth.authapidemo.AuthApiDemoApplicationTests" time="0.275" tests="1" errors="1" skipped="0" failures="0">
  <properties>
[...]
</properties>
  <testcase name="com.projeto.auth.api.auth.authapidemo.AuthApiDemoApplicationTests" classname="com.projeto.auth.api.auth.authapidemo.AuthApiDemoApplicationTests" time="0.273">
    <error message="Unable to find a @SpringBootConfiguration, you need to use @ContextConfiguration or @SpringBootTest(classes=...) with your test" type="java.lang.IllegalStateException">java.lang.IllegalStateException: Unable to find a @SpringBootConfiguration, you need to use @ContextConfiguration or @SpringBootTest(classes=...) with your test
</error>
    <system-out><![CDATA[15:39:15.960 [main] DEBUG org.springframework.test.context.BootstrapUtils - Instantiating CacheAwareContextLoaderDelegate from class [org.springframework.test.context.cache.DefaultCacheAwareContextLoaderDelegate]
15:39:15.972 [main] DEBUG org.springframework.test.context.BootstrapUtils - Instantiating BootstrapContext using constructor [public org.springframework.test.context.support.DefaultBootstrapContext(java.lang.Class,org.springframework.test.context.CacheAwareContextLoaderDelegate)]
15:39:16.010 [main] DEBUG org.springframework.test.context.BootstrapUtils - Instantiating TestContextBootstrapper for test class [com.projeto.auth.api.auth.authapidemo.AuthApiDemoApplicationTests] from class [org.springframework.boot.test.context.SpringBootTestContextBootstrapper]
15:39:16.021 [main] INFO org.springframework.boot.test.context.SpringBootTestContextBootstrapper - Neither @ContextConfiguration nor @ContextHierarchy found for test class [com.projeto.auth.api.auth.authapidemo.AuthApiDemoApplicationTests], using SpringBootContextLoader
15:39:16.027 [main] DEBUG org.springframework.test.context.support.AbstractContextLoader - Did not detect default resource location for test class [com.projeto.auth.api.auth.authapidemo.AuthApiDemoApplicationTests]: class path resource [com/projeto/auth/api/auth/authapidemo/AuthApiDemoApplicationTests-context.xml] does not exist
15:39:16.028 [main] DEBUG org.springframework.test.context.support.AbstractContextLoader - Did not detect default resource location for test class [com.projeto.auth.api.auth.authapidemo.AuthApiDemoApplicationTests]: class path resource [com/projeto/auth/api/auth/authapidemo/AuthApiDemoApplicationTestsContext.groovy] does not exist
15:39:16.028 [main] INFO org.springframework.test.context.support.AbstractContextLoader - Could not detect default resource locations for test class [com.projeto.auth.api.auth.authapidemo.AuthApiDemoApplicationTests]: no resource found for suffixes {-context.xml, Context.groovy}.
15:39:16.029 [main] INFO org.springframework.test.context.support.AnnotationConfigContextLoaderUtils - Could not detect default configuration classes for test class [com.projeto.auth.api.auth.authapidemo.AuthApiDemoApplicationTests]: AuthApiDemoApplicationTests does not declare any static, non-private, non-final, nested classes annotated with @Configuration.
15:39:16.078 [main] DEBUG org.springframework.test.context.support.ActiveProfilesUtils - Could not find an 'annotation declaring class' for annotation type [org.springframework.test.context.ActiveProfiles] and class [com.projeto.auth.api.auth.authapidemo.AuthApiDemoApplicationTests]
]]></system-out>
  </testcase>
</testsuite>